<?xml version="1.0" encoding="UTF-8"?>
<!-- Generated by org.testng.reporters.JUnitReportReporter -->
<testsuite hostname="SURYA" failures="0" tests="1" name="pageobjectmodel.Class3" time="11.641" errors="0" timestamp="2024-02-16T11:57:09 IST" skipped="0">
  <testcase classname="pageobjectmodel.Class3" name="loginpage" time="11.641"/>
  <system-out/>
</testsuite> <!-- pageobjectmodel.Class3 -->
